{
"/Users/jlord/Sites/randomUserGenerator/lib/index.js":{"path":"/Users/jlord/Sites/randomUserGenerator/lib/index.js","s":{"1":1,"2":1,"3":1,"4":1,"5":9,"6":9,"7":9,"8":9,"9":9,"10":9,"11":9,"12":9,"13":1,"14":6,"15":2,"16":2,"17":6,"18":6,"19":6,"20":6,"21":1,"22":10,"23":2,"24":2,"25":10,"26":10,"27":8,"28":10,"29":10,"30":0,"31":10,"32":10,"33":10,"34":10,"35":10,"36":10,"37":10,"38":10,"39":10,"40":10,"41":0,"42":10,"43":10,"44":10,"45":0,"46":10,"47":10,"48":28,"49":28,"50":1,"51":2,"52":2,"53":27,"54":2,"55":6,"56":6,"57":6,"58":2,"59":2,"60":4,"61":6,"62":25,"63":28,"64":10,"65":3,"66":3,"67":7,"68":10,"69":1,"70":49,"71":0,"72":49,"73":1,"74":3,"75":3,"76":3,"77":3,"78":0,"79":3,"80":1},"b":{"1":[2,7],"2":[9,2],"3":[0,9],"4":[9,2],"5":[1,8],"6":[9,2],"7":[0,9],"8":[9,2],"9":[0,9],"10":[9,2],"11":[0,9],"12":[9,2],"13":[2,4],"14":[6,2],"15":[2,8],"16":[10,2],"17":[0,10],"18":[1,9],"19":[1,9],"20":[2,8],"21":[0,10],"22":[0,10],"23":[1,27],"24":[28,28],"25":[2,0],"26":[2,25],"27":[27,27],"28":[2,4],"29":[3,7],"30":[0,49],"31":[3,0],"32":[0,3]},"f":{"1":9,"2":6,"3":6,"4":10,"5":10,"6":3,"7":49,"8":3,"9":3},"fnMap":{"1":{"name":"RUG","line":14,"loc":{"start":{"line":14,"column":10},"end":{"line":14,"column":33}}},"2":{"name":"(anonymous_2)","line":33,"loc":{"start":{"line":33,"column":23},"end":{"line":33,"column":46}}},"3":{"name":"(anonymous_3)","line":42,"loc":{"start":{"line":42,"column":27},"end":{"line":42,"column":44}}},"4":{"name":"(anonymous_4)","line":56,"loc":{"start":{"line":56,"column":24},"end":{"line":56,"column":56}}},"5":{"name":"(anonymous_5)","line":84,"loc":{"start":{"line":84,"column":54},"end":{"line":84,"column":87}}},"6":{"name":"(anonymous_6)","line":140,"loc":{"start":{"line":140,"column":31},"end":{"line":140,"column":43}}},"7":{"name":"(anonymous_7)","line":156,"loc":{"start":{"line":156,"column":20},"end":{"line":156,"column":36}}},"8":{"name":"(anonymous_8)","line":170,"loc":{"start":{"line":170,"column":29},"end":{"line":170,"column":49}}},"9":{"name":"(anonymous_9)","line":175,"loc":{"start":{"line":175,"column":47},"end":{"line":175,"column":62}}}},"statementMap":{"1":{"start":{"line":3,"column":0},"end":{"line":3,"column":33}},"2":{"start":{"line":4,"column":0},"end":{"line":4,"column":23}},"3":{"start":{"line":6,"column":0},"end":{"line":8,"column":2}},"4":{"start":{"line":14,"column":0},"end":{"line":25,"column":2}},"5":{"start":{"line":16,"column":2},"end":{"line":16,"column":37}},"6":{"start":{"line":17,"column":2},"end":{"line":17,"column":22}},"7":{"start":{"line":19,"column":2},"end":{"line":19,"column":101}},"8":{"start":{"line":20,"column":2},"end":{"line":20,"column":90}},"9":{"start":{"line":21,"column":2},"end":{"line":21,"column":81}},"10":{"start":{"line":22,"column":2},"end":{"line":22,"column":90}},"11":{"start":{"line":23,"column":2},"end":{"line":23,"column":105}},"12":{"start":{"line":24,"column":2},"end":{"line":24,"column":84}},"13":{"start":{"line":33,"column":0},"end":{"line":47,"column":2}},"14":{"start":{"line":35,"column":2},"end":{"line":38,"column":3}},"15":{"start":{"line":36,"column":4},"end":{"line":36,"column":17}},"16":{"start":{"line":37,"column":4},"end":{"line":37,"column":17}},"17":{"start":{"line":40,"column":2},"end":{"line":40,"column":42}},"18":{"start":{"line":42,"column":2},"end":{"line":44,"column":5}},"19":{"start":{"line":43,"column":4},"end":{"line":43,"column":17}},"20":{"start":{"line":46,"column":2},"end":{"line":46,"column":9}},"21":{"start":{"line":56,"column":0},"end":{"line":149,"column":2}},"22":{"start":{"line":58,"column":2},"end":{"line":61,"column":3}},"23":{"start":{"line":59,"column":4},"end":{"line":59,"column":17}},"24":{"start":{"line":60,"column":4},"end":{"line":60,"column":17}},"25":{"start":{"line":64,"column":2},"end":{"line":64,"column":34}},"26":{"start":{"line":65,"column":2},"end":{"line":67,"column":3}},"27":{"start":{"line":66,"column":4},"end":{"line":66,"column":49}},"28":{"start":{"line":68,"column":2},"end":{"line":68,"column":31}},"29":{"start":{"line":70,"column":2},"end":{"line":72,"column":3}},"30":{"start":{"line":71,"column":4},"end":{"line":71,"column":64}},"31":{"start":{"line":74,"column":2},"end":{"line":74,"column":43}},"32":{"start":{"line":75,"column":2},"end":{"line":75,"column":28}},"33":{"start":{"line":76,"column":2},"end":{"line":76,"column":20}},"34":{"start":{"line":77,"column":2},"end":{"line":77,"column":18}},"35":{"start":{"line":79,"column":2},"end":{"line":79,"column":42}},"36":{"start":{"line":80,"column":2},"end":{"line":80,"column":67}},"37":{"start":{"line":81,"column":2},"end":{"line":81,"column":74}},"38":{"start":{"line":82,"column":2},"end":{"line":82,"column":61}},"39":{"start":{"line":84,"column":2},"end":{"line":146,"column":5}},"40":{"start":{"line":85,"column":4},"end":{"line":87,"column":5}},"41":{"start":{"line":86,"column":6},"end":{"line":86,"column":37}},"42":{"start":{"line":89,"column":4},"end":{"line":89,"column":37}},"43":{"start":{"line":91,"column":4},"end":{"line":91,"column":28}},"44":{"start":{"line":94,"column":4},"end":{"line":96,"column":5}},"45":{"start":{"line":95,"column":6},"end":{"line":95,"column":23}},"46":{"start":{"line":98,"column":4},"end":{"line":98,"column":19}},"47":{"start":{"line":100,"column":4},"end":{"line":136,"column":5}},"48":{"start":{"line":102,"column":6},"end":{"line":102,"column":23}},"49":{"start":{"line":103,"column":6},"end":{"line":132,"column":7}},"50":{"start":{"line":105,"column":8},"end":{"line":108,"column":9}},"51":{"start":{"line":106,"column":10},"end":{"line":106,"column":40}},"52":{"start":{"line":107,"column":10},"end":{"line":107,"column":97}},"53":{"start":{"line":109,"column":13},"end":{"line":132,"column":7}},"54":{"start":{"line":111,"column":8},"end":{"line":129,"column":9}},"55":{"start":{"line":115,"column":10},"end":{"line":115,"column":48}},"56":{"start":{"line":118,"column":10},"end":{"line":118,"column":25}},"57":{"start":{"line":119,"column":10},"end":{"line":125,"column":11}},"58":{"start":{"line":120,"column":12},"end":{"line":120,"column":43}},"59":{"start":{"line":122,"column":12},"end":{"line":122,"column":68}},"60":{"start":{"line":124,"column":12},"end":{"line":124,"column":54}},"61":{"start":{"line":128,"column":10},"end":{"line":128,"column":44}},"62":{"start":{"line":131,"column":8},"end":{"line":131,"column":39}},"63":{"start":{"line":135,"column":6},"end":{"line":135,"column":26}},"64":{"start":{"line":139,"column":4},"end":{"line":145,"column":5}},"65":{"start":{"line":140,"column":6},"end":{"line":142,"column":9}},"66":{"start":{"line":141,"column":8},"end":{"line":141,"column":18}},"67":{"start":{"line":144,"column":6},"end":{"line":144,"column":16}},"68":{"start":{"line":148,"column":2},"end":{"line":148,"column":9}},"69":{"start":{"line":156,"column":0},"end":{"line":162,"column":2}},"70":{"start":{"line":157,"column":2},"end":{"line":159,"column":3}},"71":{"start":{"line":158,"column":4},"end":{"line":158,"column":22}},"72":{"start":{"line":161,"column":2},"end":{"line":161,"column":14}},"73":{"start":{"line":170,"column":0},"end":{"line":182,"column":2}},"74":{"start":{"line":171,"column":2},"end":{"line":171,"column":52}},"75":{"start":{"line":173,"column":2},"end":{"line":173,"column":55}},"76":{"start":{"line":175,"column":2},"end":{"line":181,"column":5}},"77":{"start":{"line":176,"column":4},"end":{"line":178,"column":5}},"78":{"start":{"line":177,"column":6},"end":{"line":177,"column":16}},"79":{"start":{"line":180,"column":4},"end":{"line":180,"column":13}},"80":{"start":{"line":184,"column":0},"end":{"line":184,"column":21}}},"branchMap":{"1":{"line":19,"type":"cond-expr","locations":[{"start":{"line":19,"column":72},"end":{"line":19,"column":92}},{"start":{"line":19,"column":95},"end":{"line":19,"column":100}}]},"2":{"line":19,"type":"binary-expr","locations":[{"start":{"line":19,"column":23},"end":{"line":19,"column":31}},{"start":{"line":19,"column":35},"end":{"line":19,"column":69}}]},"3":{"line":20,"type":"cond-expr","locations":[{"start":{"line":20,"column":62},"end":{"line":20,"column":77}},{"start":{"line":20,"column":80},"end":{"line":20,"column":89}}]},"4":{"line":20,"type":"binary-expr","locations":[{"start":{"line":20,"column":18},"end":{"line":20,"column":26}},{"start":{"line":20,"column":30},"end":{"line":20,"column":59}}]},"5":{"line":21,"type":"cond-expr","locations":[{"start":{"line":21,"column":56},"end":{"line":21,"column":68}},{"start":{"line":21,"column":71},"end":{"line":21,"column":80}}]},"6":{"line":21,"type":"binary-expr","locations":[{"start":{"line":21,"column":15},"end":{"line":21,"column":23}},{"start":{"line":21,"column":27},"end":{"line":21,"column":53}}]},"7":{"line":22,"type":"cond-expr","locations":[{"start":{"line":22,"column":62},"end":{"line":22,"column":77}},{"start":{"line":22,"column":80},"end":{"line":22,"column":89}}]},"8":{"line":22,"type":"binary-expr","locations":[{"start":{"line":22,"column":18},"end":{"line":22,"column":26}},{"start":{"line":22,"column":30},"end":{"line":22,"column":59}}]},"9":{"line":23,"type":"cond-expr","locations":[{"start":{"line":23,"column":72},"end":{"line":23,"column":92}},{"start":{"line":23,"column":95},"end":{"line":23,"column":104}}]},"10":{"line":23,"type":"binary-expr","locations":[{"start":{"line":23,"column":23},"end":{"line":23,"column":31}},{"start":{"line":23,"column":35},"end":{"line":23,"column":69}}]},"11":{"line":24,"type":"cond-expr","locations":[{"start":{"line":24,"column":58},"end":{"line":24,"column":71}},{"start":{"line":24,"column":74},"end":{"line":24,"column":83}}]},"12":{"line":24,"type":"binary-expr","locations":[{"start":{"line":24,"column":16},"end":{"line":24,"column":24}},{"start":{"line":24,"column":28},"end":{"line":24,"column":55}}]},"13":{"line":35,"type":"if","locations":[{"start":{"line":35,"column":2},"end":{"line":35,"column":2}},{"start":{"line":35,"column":2},"end":{"line":35,"column":2}}]},"14":{"line":35,"type":"binary-expr","locations":[{"start":{"line":35,"column":6},"end":{"line":35,"column":22}},{"start":{"line":35,"column":26},"end":{"line":35,"column":55}}]},"15":{"line":58,"type":"if","locations":[{"start":{"line":58,"column":2},"end":{"line":58,"column":2}},{"start":{"line":58,"column":2},"end":{"line":58,"column":2}}]},"16":{"line":58,"type":"binary-expr","locations":[{"start":{"line":58,"column":6},"end":{"line":58,"column":22}},{"start":{"line":58,"column":26},"end":{"line":58,"column":55}}]},"17":{"line":70,"type":"if","locations":[{"start":{"line":70,"column":2},"end":{"line":70,"column":2}},{"start":{"line":70,"column":2},"end":{"line":70,"column":2}}]},"18":{"line":80,"type":"cond-expr","locations":[{"start":{"line":80,"column":34},"end":{"line":80,"column":61}},{"start":{"line":80,"column":64},"end":{"line":80,"column":66}}]},"19":{"line":81,"type":"cond-expr","locations":[{"start":{"line":81,"column":39},"end":{"line":81,"column":68}},{"start":{"line":81,"column":71},"end":{"line":81,"column":73}}]},"20":{"line":82,"type":"cond-expr","locations":[{"start":{"line":82,"column":32},"end":{"line":82,"column":55}},{"start":{"line":82,"column":58},"end":{"line":82,"column":60}}]},"21":{"line":85,"type":"if","locations":[{"start":{"line":85,"column":4},"end":{"line":85,"column":4}},{"start":{"line":85,"column":4},"end":{"line":85,"column":4}}]},"22":{"line":94,"type":"if","locations":[{"start":{"line":94,"column":4},"end":{"line":94,"column":4}},{"start":{"line":94,"column":4},"end":{"line":94,"column":4}}]},"23":{"line":103,"type":"if","locations":[{"start":{"line":103,"column":6},"end":{"line":103,"column":6}},{"start":{"line":103,"column":6},"end":{"line":103,"column":6}}]},"24":{"line":103,"type":"binary-expr","locations":[{"start":{"line":103,"column":10},"end":{"line":103,"column":17}},{"start":{"line":103,"column":21},"end":{"line":103,"column":35}}]},"25":{"line":107,"type":"cond-expr","locations":[{"start":{"line":107,"column":57},"end":{"line":107,"column":84}},{"start":{"line":107,"column":87},"end":{"line":107,"column":96}}]},"26":{"line":109,"type":"if","locations":[{"start":{"line":109,"column":13},"end":{"line":109,"column":13}},{"start":{"line":109,"column":13},"end":{"line":109,"column":13}}]},"27":{"line":109,"type":"binary-expr","locations":[{"start":{"line":109,"column":17},"end":{"line":109,"column":24}},{"start":{"line":109,"column":28},"end":{"line":109,"column":39}}]},"28":{"line":119,"type":"if","locations":[{"start":{"line":119,"column":10},"end":{"line":119,"column":10}},{"start":{"line":119,"column":10},"end":{"line":119,"column":10}}]},"29":{"line":139,"type":"if","locations":[{"start":{"line":139,"column":4},"end":{"line":139,"column":4}},{"start":{"line":139,"column":4},"end":{"line":139,"column":4}}]},"30":{"line":157,"type":"if","locations":[{"start":{"line":157,"column":2},"end":{"line":157,"column":2}},{"start":{"line":157,"column":2},"end":{"line":157,"column":2}}]},"31":{"line":171,"type":"binary-expr","locations":[{"start":{"line":171,"column":17},"end":{"line":171,"column":35}},{"start":{"line":171,"column":39},"end":{"line":171,"column":51}}]},"32":{"line":176,"type":"if","locations":[{"start":{"line":176,"column":4},"end":{"line":176,"column":4}},{"start":{"line":176,"column":4},"end":{"line":176,"column":4}}]}},"l":{"3":1,"4":1,"6":1,"14":1,"16":9,"17":9,"19":9,"20":9,"21":9,"22":9,"23":9,"24":9,"33":1,"35":6,"36":2,"37":2,"40":6,"42":6,"43":6,"46":6,"56":1,"58":10,"59":2,"60":2,"64":10,"65":10,"66":8,"68":10,"70":10,"71":0,"74":10,"75":10,"76":10,"77":10,"79":10,"80":10,"81":10,"82":10,"84":10,"85":10,"86":0,"89":10,"91":10,"94":10,"95":0,"98":10,"100":10,"102":28,"103":28,"105":1,"106":2,"107":2,"109":27,"111":2,"115":6,"118":6,"119":6,"120":2,"122":2,"124":4,"128":6,"131":25,"135":28,"139":10,"140":3,"141":3,"144":7,"148":10,"156":1,"157":49,"158":0,"161":49,"170":1,"171":3,"173":3,"175":3,"176":3,"177":0,"180":3,"184":1}}}
